Performing C SOURCE FILE Test CMAKE_HAVE_LIBC_PTHREAD failed with the following output:
Change Dir: /home/runner/work/Async-BSD-Socket-Lib/Async-BSD-Socket-Lib/build/CMakeFiles/CMakeTmp

Run Build Command(s):/usr/bin/make -f Makefile cmTC_f866b/fast && /usr/bin/make  -f CMakeFiles/cmTC_f866b.dir/build.make CMakeFiles/cmTC_f866b.dir/build
make[1]: Entering directory '/home/runner/work/Async-BSD-Socket-Lib/Async-BSD-Socket-Lib/build/CMakeFiles/CMakeTmp'
Building C object CMakeFiles/cmTC_f866b.dir/src.c.o
/usr/bin/cc -DCMAKE_HAVE_LIBC_PTHREAD -DcmTC_f866b_EXPORTS   -o CMakeFiles/cmTC_f866b.dir/src.c.o -c /home/runner/work/Async-BSD-Socket-Lib/Async-BSD-Socket-Lib/build/CMakeFiles/CMakeTmp/src.c
Linking C executable cmTC_f866b
/usr/local/bin/cmake -E cmake_link_script CMakeFiles/cmTC_f866b.dir/link.txt --verbose=1
/usr/bin/cc -Wl,--export-dynamic -rdynamic CMakeFiles/cmTC_f866b.dir/src.c.o -o cmTC_f866b 
/usr/bin/ld: CMakeFiles/cmTC_f866b.dir/src.c.o: in function `main':
src.c:(.text+0x46): undefined reference to `pthread_create'
/usr/bin/ld: src.c:(.text+0x52): undefined reference to `pthread_detach'
/usr/bin/ld: src.c:(.text+0x5e): undefined reference to `pthread_cancel'
/usr/bin/ld: src.c:(.text+0x6f): undefined reference to `pthread_join'
collect2: error: ld returned 1 exit status
make[1]: *** [CMakeFiles/cmTC_f866b.dir/build.make:99: cmTC_f866b] Error 1
make[1]: Leaving directory '/home/runner/work/Async-BSD-Socket-Lib/Async-BSD-Socket-Lib/build/CMakeFiles/CMakeTmp'
make: *** [Makefile:127: cmTC_f866b/fast] Error 2


Source file was:
#include <pthread.h>

static void* test_func(void* data)
{
  return data;
}

int main(void)
{
  pthread_t thread;
  pthread_create(&thread, NULL, test_func, NULL);
  pthread_detach(thread);
  pthread_cancel(thread);
  pthread_join(thread, NULL);
  pthread_atfork(NULL, NULL, NULL);
  pthread_exit(NULL);

  return 0;
}

Determining if the function pthread_create exists in the pthreads failed with the following output:
Change Dir: /home/runner/work/Async-BSD-Socket-Lib/Async-BSD-Socket-Lib/build/CMakeFiles/CMakeTmp

Run Build Command(s):/usr/bin/make -f Makefile cmTC_69d5e/fast && /usr/bin/make  -f CMakeFiles/cmTC_69d5e.dir/build.make CMakeFiles/cmTC_69d5e.dir/build
make[1]: Entering directory '/home/runner/work/Async-BSD-Socket-Lib/Async-BSD-Socket-Lib/build/CMakeFiles/CMakeTmp'
Building C object CMakeFiles/cmTC_69d5e.dir/CheckFunctionExists.c.o
/usr/bin/cc -DcmTC_69d5e_EXPORTS  -DCHECK_FUNCTION_EXISTS=pthread_create -o CMakeFiles/cmTC_69d5e.dir/CheckFunctionExists.c.o -c /usr/local/share/cmake-3.21/Modules/CheckFunctionExists.c
Linking C executable cmTC_69d5e
/usr/local/bin/cmake -E cmake_link_script CMakeFiles/cmTC_69d5e.dir/link.txt --verbose=1
/usr/bin/cc  -DCHECK_FUNCTION_EXISTS=pthread_create -Wl,--export-dynamic -rdynamic CMakeFiles/cmTC_69d5e.dir/CheckFunctionExists.c.o -o cmTC_69d5e  -lpthreads 
/usr/bin/ld: cannot find -lpthreads
collect2: error: ld returned 1 exit status
make[1]: *** [CMakeFiles/cmTC_69d5e.dir/build.make:99: cmTC_69d5e] Error 1
make[1]: Leaving directory '/home/runner/work/Async-BSD-Socket-Lib/Async-BSD-Socket-Lib/build/CMakeFiles/CMakeTmp'
make: *** [Makefile:127: cmTC_69d5e/fast] Error 2



